<?xml version="1.0" encoding="UTF-8"?>
<testng-results ignored="0" total="1" passed="1" failed="0" skipped="0">
  <reporter-output>
  </reporter-output>
  <suite started-at="2022-08-25T20:17:18 CDT" name="Default suite" finished-at="2022-08-25T20:17:22 CDT" duration-ms="3921">
    <groups>
    </groups>
    <test started-at="2022-08-25T20:17:18 CDT" name="Default test" finished-at="2022-08-25T20:17:22 CDT" duration-ms="3921">
      <class name="session_TestNG.SampleTest">
        <test-method is-config="true" signature="readConfig()[pri:0, instance:session_TestNG.SampleTest@3d5c822d]" started-at="2022-08-25T20:17:18 CDT" name="readConfig" finished-at="2022-08-25T20:17:18 CDT" duration-ms="10" status="PASS">
          <reporter-output>
          </reporter-output>
        </test-method> <!-- readConfig -->
        <test-method is-config="true" signature="init()[pri:0, instance:session_TestNG.SampleTest@3d5c822d]" started-at="2022-08-25T20:17:18 CDT" name="init" finished-at="2022-08-25T20:17:21 CDT" duration-ms="2860" status="PASS">
          <reporter-output>
          </reporter-output>
        </test-method> <!-- init -->
        <test-method signature="loginTest()[pri:0, instance:session_TestNG.SampleTest@3d5c822d]" started-at="2022-08-25T20:17:21 CDT" name="loginTest" finished-at="2022-08-25T20:17:22 CDT" duration-ms="1002" status="PASS">
          <reporter-output>
          </reporter-output>
        </test-method> <!-- loginTest -->
      </class> <!-- session_TestNG.SampleTest -->
    </test> <!-- Default test -->
  </suite> <!-- Default suite -->
</testng-results>
